hw1 [master] :> python q2_browsing_mrjob.py q2testdata.txt
no configs found; falling back on auto-configuration
no configs found; falling back on auto-configuration
creating tmp directory /var/folders/9z/t42rf85j2417607mm6xwkt7n7z8hb1/T/q2_browsing_mrjob.jlin.20150828.002445.126942

PLEASE NOTE: Starting in mrjob v0.5.0, protocols will be strict by default. It's recommended you run your job with --strict-protocols or set up mrjob.conf as described at https://pythonhosted.org/mrjob/whats-new.html#ready-for-strict-protocols

writing to /var/folders/9z/t42rf85j2417607mm6xwkt7n7z8hb1/T/q2_browsing_mrjob.jlin.20150828.002445.126942/step-0-mapper_part-00000
Counters from step 1:
  (no counters found)
writing to /var/folders/9z/t42rf85j2417607mm6xwkt7n7z8hb1/T/q2_browsing_mrjob.jlin.20150828.002445.126942/step-0-mapper-sorted
> sort /var/folders/9z/t42rf85j2417607mm6xwkt7n7z8hb1/T/q2_browsing_mrjob.jlin.20150828.002445.126942/step-0-mapper_part-00000
writing to /var/folders/9z/t42rf85j2417607mm6xwkt7n7z8hb1/T/q2_browsing_mrjob.jlin.20150828.002445.126942/step-0-reducer_part-00000
Traceback (most recent call last):
  File "q2_browsing_mrjob.py", line 64, in <module>
    MRProductRecommendation.run()
  File "/usr/local/lib/python2.7/site-packages/mrjob/job.py", line 461, in run
    mr_job.execute()
  File "/usr/local/lib/python2.7/site-packages/mrjob/job.py", line 479, in execute
    super(MRJob, self).execute()
  File "/usr/local/lib/python2.7/site-packages/mrjob/launch.py", line 153, in execute
    self.run_job()
  File "/usr/local/lib/python2.7/site-packages/mrjob/launch.py", line 216, in run_job
    runner.run()
  File "/usr/local/lib/python2.7/site-packages/mrjob/runner.py", line 470, in run
    self._run()
  File "/usr/local/lib/python2.7/site-packages/mrjob/sim.py", line 186, in _run
    self._invoke_step(step_num, 'reducer')
  File "/usr/local/lib/python2.7/site-packages/mrjob/sim.py", line 260, in _invoke_step
    working_dir, env)
  File "/usr/local/lib/python2.7/site-packages/mrjob/inline.py", line 160, in _run_step
    child_instance.execute()
  File "/usr/local/lib/python2.7/site-packages/mrjob/job.py", line 476, in execute
    self.run_reducer(self.options.step_num)
  File "/usr/local/lib/python2.7/site-packages/mrjob/job.py", line 584, in run_reducer
    for out_key, out_value in reducer_final() or ():
TypeError: final_store_single_count() takes exactly 3 arguments (1 given)